=== 2026年  2月 27日 金曜日 12:00:02 JST ===
=== ブラウザリプライ自動化 [LIVE] ===
  候補: 20件 → 処理: 1件
  確認: なし
  待機: 90-180秒

--- [1/1] @r0mhthb8 ---
  元ツイート: ハーイ、みなさん！ 青空の下で昼寝も最高だね...
  リプライ: 昼寝についてだけは完全に同意する。場所は問わない派だけど...
  実行: python.exe win_autogui.py 
    === win_autogui: LIVE ===
      URL: https://x.com/r0mhthb8/status/2026855620918522092
      Text: 昼寝についてだけは完全に同意する。場所は問わない派だけど...
      ページ読み込み待機: 5.1秒
      Chrome をアクティブ化
      リプライ欄を画像認識で検索中... (試行 1/3)
      リプライ欄発見: (2357, 416)
      リプライ欄にフォーカス完了
      テキスト貼り付け完了: 昼寝についてだけは完全に同意する。場所は問わない派だけど...
      投稿実行: Ctrl+Enter
      投稿完了
      完了
  候補更新: 20 → 19件

=== 完了 ===
  成功: 1件
  スキップ: 0件
  失敗: 0件
  残り候補: 19件
  ログ: /home/sekiz/pjt/hokke_x/reply_system/browser_automation/session_log.json
exit_code=0
=== 2026年  2月 27日 金曜日 13:00:03 JST ===
=== ブラウザリプライ自動化 [LIVE] ===
  候補: 19件 → 処理: 1件
  確認: なし
  待機: 90-180秒

--- [1/1] @btliwrvt ---
  元ツイート: ご無沙汰してます！ 青空の下で昼寝も最高だね...
  リプライ: 昼寝の良さに気づいた人間は信用できる...
  実行: python.exe win_autogui.py 
    === win_autogui: LIVE ===
      URL: https://x.com/btliwrvt/status/2026855560482849240
      Text: 昼寝の良さに気づいた人間は信用できる...
      ページ読み込み待機: 5.9秒
      Chrome をアクティブ化
      リプライ欄を画像認識で検索中... (試行 1/3)
      リプライ欄発見: (2357, 416)
      リプライ欄にフォーカス完了
      テキスト貼り付け完了: 昼寝の良さに気づいた人間は信用できる...
      投稿実行: Ctrl+Enter
      投稿完了
      完了
  候補更新: 19 → 18件

=== 完了 ===
  成功: 1件
  スキップ: 0件
  失敗: 0件
  残り候補: 18件
  ログ: /home/sekiz/pjt/hokke_x/reply_system/browser_automation/session_log.json
exit_code=0
=== 2026年  2月 27日 金曜日 19:00:03 JST ===
=== ブラウザリプライ自動化 [LIVE] ===
  候補: 13件 → 処理: 5件
  確認: なし
  待機: 90-180秒

--- [1/5] @rinka7380 ---
  元ツイート: ホタテはおいしい！ホタテの刺身が食べたい...
  リプライ: 北海道の猫としては同意せざるを得ない...
  実行: python.exe win_autogui.py 
    === win_autogui: LIVE ===
      URL: https://x.com/rinka7380/status/2026619321125048777
      Text: 北海道の猫としては同意せざるを得ない...
      ページ読み込み待機: 4.5秒
      Chrome をアクティブ化
      リプライ欄を画像認識で検索中... (試行 1/3)
      リプライ欄発見: (2347, 416)
      リプライ欄にフォーカス完了
      テキスト貼り付け完了: 北海道の猫としては同意せざるを得ない...
      投稿実行: Ctrl+Enter
      投稿完了
      完了
  次の候補まで 131秒待機...
--- [2/5] @spring_harukaze ---
  元ツイート: 在宅ワークはデスクチェアが大事なので座り心地いい椅子を使っています♪ただ、あまりの座り心地の良さに愛猫にデスクチェアを取られることも…。愛猫可愛さになかなか無理...
  リプライ: いい椅子を選んだのは人間。猫はそれを正当に評価してるだけ...
  実行: python.exe win_autogui.py 
    === win_autogui: LIVE ===
      URL: https://x.com/spring_harukaze/status/2026847329928491390
      Text: いい椅子を選んだのは人間。猫はそれを正当に評価してるだけ...
      ページ読み込み待機: 5.1秒
      Chrome をアクティブ化
      リプライ欄を画像認識で検索中... (試行 1/3)
      リプライ欄発見: (2347, 491)
      リプライ欄にフォーカス完了
      テキスト貼り付け完了: いい椅子を選んだのは人間。猫はそれを正当に評価してるだけ...
      投稿実行: Ctrl+Enter
      投稿完了
      完了
  次の候補まで 121秒待機...
--- [3/5] @CNMNSN ---
  元ツイート: 在宅ワークなのでぼーっと仕事を待ちながら猫がうんこするのを眺めて「今日もうんち出てえらいねえ」と言っている間も時給が発生しています

わたくしが

現代の貴族で...
  リプライ: 見られながらうんこする側の気持ちも少しは考えてほしい...
  実行: python.exe win_autogui.py 
    === win_autogui: LIVE ===
      URL: https://x.com/CNMNSN/status/2026829591994863744
      Text: 見られながらうんこする側の気持ちも少しは考えてほしい...
      ページ読み込み待機: 5.5秒
      Chrome をアクティブ化
      リプライ欄を画像認識で検索中... (試行 1/3)
      リプライ欄発見: (2347, 541)
      リプライ欄にフォーカス完了
      テキスト貼り付け完了: 見られながらうんこする側の気持ちも少しは考えてほしい...
      投稿実行: Ctrl+Enter
      投稿完了
      完了
  次の候補まで 119秒待機...
--- [4/5] @CNMNSN ---
  元ツイート: 在宅ワークなのでぼーっと仕事を待ちながら猫がうんこするのを眺めて「今日もうんち出てえらいねえ」と言っている間も時給が発生しているのかなり最高なんだよな...
  リプライ: 見られる側の気持ちも考えてほしい...
  実行: python.exe win_autogui.py 
    === win_autogui: LIVE ===
      URL: https://x.com/CNMNSN/status/2026828223431241869
      Text: 見られる側の気持ちも考えてほしい...
      ページ読み込み待機: 4.9秒
      Chrome をアクティブ化
      リプライ欄を画像認識で検索中... (試行 1/3)
      画像認識エラー:
  次の候補まで 123秒待機...
--- [5/5] @spring_harukaze ---
  元ツイート: 在宅ワークはデスクチェアが大事なので座り心地いい椅子を使っています♪ただ、あまりの座り心地の良さに愛猫にデスクチェアを取られることも…。愛猫可愛さになかなか無理...
  リプライ: いい椅子を選んだ時点でそれ猫のもの。常識...
  実行: python.exe win_autogui.py 
    === win_autogui: LIVE ===
      URL: https://x.com/spring_harukaze/status/2026484927261274498
      Text: いい椅子を選んだ時点でそれ猫のもの。常識...
      ページ読み込み待機: 4.5秒
      Chrome をアクティブ化
      リプライ欄を画像認識で検索中... (試行 1/3)
      リプライ欄発見: (2347, 491)
      リプライ欄にフォーカス完了
      テキスト貼り付け完了: いい椅子を選んだ時点でそれ猫のもの。常識...
      投稿実行: Ctrl+Enter
      投稿完了
      完了
  候補更新: 13 → 9件

=== 完了 ===
  成功: 4件
  スキップ: 0件
  失敗: 1件
  残り候補: 9件
  ログ: /home/sekiz/pjt/hokke_x/reply_system/browser_automation/session_log.json
exit_code=0
